app/build/intermediates/manifest_merge_blame_file/debug/manifest-merger-blame-debug-report.txt
1<?xml version="1.0" encoding="utf-8"?>
2<manifest xmlns:android="http://schemas.android.com/apk/res/android"
3    package="com.example.hackathon"
4    android:versionCode="1"
5    android:versionName="1.0" >
6
7    <uses-sdk
8        android:minSdkVersion="21"
8-->src/main/AndroidManifest.xml
9        android:targetSdkVersion="32" />
9-->src/main/AndroidManifest.xml
10
11    <uses-permission android:name="android.permission.INTERNET" />
11-->src/main/AndroidManifest.xml:5:5-67
11-->src/main/AndroidManifest.xml:5:22-64
12    <uses-permission android:name="android.permission.CAMERA" /> <!-- Don't require camera, as this requires a rear camera. This allows it to work on the Nexus 7 -->
12-->[com.journeyapps:zxing-android-embedded:4.3.0] AndroidManifest.xml:22:5-65
12-->[com.journeyapps:zxing-android-embedded:4.3.0] AndroidManifest.xml:22:22-62
13    <uses-feature
13-->[com.journeyapps:zxing-android-embedded:4.3.0] AndroidManifest.xml:25:5-27:36
14        android:name="android.hardware.camera"
14-->[com.journeyapps:zxing-android-embedded:4.3.0] AndroidManifest.xml:26:9-47
15        android:required="false" />
15-->[com.journeyapps:zxing-android-embedded:4.3.0] AndroidManifest.xml:27:9-33
16    <uses-feature
16-->[com.journeyapps:zxing-android-embedded:4.3.0] AndroidManifest.xml:28:5-30:36
17        android:name="android.hardware.camera.front"
17-->[com.journeyapps:zxing-android-embedded:4.3.0] AndroidManifest.xml:29:9-53
18        android:required="false" /> <!-- TODO replace above two with next line after Android 4.2 -->
18-->[com.journeyapps:zxing-android-embedded:4.3.0] AndroidManifest.xml:30:9-33
19    <!-- <uses-feature android:name="android.hardware.camera.any"/> -->
20    <uses-feature
20-->[com.journeyapps:zxing-android-embedded:4.3.0] AndroidManifest.xml:33:5-35:36
21        android:name="android.hardware.camera.autofocus"
21-->[com.journeyapps:zxing-android-embedded:4.3.0] AndroidManifest.xml:34:9-57
22        android:required="false" />
22-->[com.journeyapps:zxing-android-embedded:4.3.0] AndroidManifest.xml:35:9-33
23    <uses-feature
23-->[com.journeyapps:zxing-android-embedded:4.3.0] AndroidManifest.xml:36:5-38:36
24        android:name="android.hardware.camera.flash"
24-->[com.journeyapps:zxing-android-embedded:4.3.0] AndroidManifest.xml:37:9-53
25        android:required="false" />
25-->[com.journeyapps:zxing-android-embedded:4.3.0] AndroidManifest.xml:38:9-33
26    <uses-feature
26-->[com.journeyapps:zxing-android-embedded:4.3.0] AndroidManifest.xml:39:5-41:36
27        android:name="android.hardware.screen.landscape"
27-->[com.journeyapps:zxing-android-embedded:4.3.0] AndroidManifest.xml:40:9-57
28        android:required="false" />
28-->[com.journeyapps:zxing-android-embedded:4.3.0] AndroidManifest.xml:41:9-33
29    <uses-feature
29-->[com.journeyapps:zxing-android-embedded:4.3.0] AndroidManifest.xml:42:5-44:36
30        android:name="android.hardware.wifi"
30-->[com.journeyapps:zxing-android-embedded:4.3.0] AndroidManifest.xml:43:9-45
31        android:required="false" />
31-->[com.journeyapps:zxing-android-embedded:4.3.0] AndroidManifest.xml:44:9-33
32
33    <application
33-->src/main/AndroidManifest.xml:7:5-93:19
34        android:allowBackup="true"
34-->src/main/AndroidManifest.xml:8:9-35
35        android:appComponentFactory="androidx.core.app.CoreComponentFactory"
35-->[androidx.core:core:1.7.0] AndroidManifest.xml:24:18-86
36        android:dataExtractionRules="@xml/data_extraction_rules"
36-->src/main/AndroidManifest.xml:9:9-65
37        android:debuggable="true"
38        android:fullBackupContent="@xml/backup_rules"
38-->src/main/AndroidManifest.xml:10:9-54
39        android:icon="@mipmap/ic_launcher"
39-->src/main/AndroidManifest.xml:11:9-43
40        android:label="@string/app_name"
40-->src/main/AndroidManifest.xml:12:9-41
41        android:roundIcon="@mipmap/ic_launcher_round"
41-->src/main/AndroidManifest.xml:13:9-54
42        android:supportsRtl="true"
42-->src/main/AndroidManifest.xml:14:9-35
43        android:testOnly="true"
44        android:theme="@style/Theme.Hackathon" >
44-->src/main/AndroidManifest.xml:15:9-47
45        <activity
45-->src/main/AndroidManifest.xml:17:9-23:20
46            android:name="com.example.hackathon.FetchDataActivity"
46-->src/main/AndroidManifest.xml:18:13-46
47            android:exported="false" >
47-->src/main/AndroidManifest.xml:19:13-37
48            <meta-data
48-->src/main/AndroidManifest.xml:20:13-22:36
49                android:name="android.app.lib_name"
49-->src/main/AndroidManifest.xml:21:17-52
50                android:value="" />
50-->src/main/AndroidManifest.xml:22:17-33
51        </activity>
52        <activity
52-->src/main/AndroidManifest.xml:24:9-30:20
53            android:name="com.example.hackathon.MainActivity2"
53-->src/main/AndroidManifest.xml:25:13-42
54            android:exported="false" >
54-->src/main/AndroidManifest.xml:26:13-37
55            <meta-data
55-->src/main/AndroidManifest.xml:20:13-22:36
56                android:name="android.app.lib_name"
56-->src/main/AndroidManifest.xml:21:17-52
57                android:value="" />
57-->src/main/AndroidManifest.xml:22:17-33
58        </activity>
59        <activity
59-->src/main/AndroidManifest.xml:31:9-37:20
60            android:name="com.example.hackathon.QRscannerAcitivty"
60-->src/main/AndroidManifest.xml:32:13-46
61            android:exported="false" >
61-->src/main/AndroidManifest.xml:33:13-37
62            <meta-data
62-->src/main/AndroidManifest.xml:20:13-22:36
63                android:name="android.app.lib_name"
63-->src/main/AndroidManifest.xml:21:17-52
64                android:value="" />
64-->src/main/AndroidManifest.xml:22:17-33
65        </activity>
66        <activity
66-->src/main/AndroidManifest.xml:38:9-44:20
67            android:name="com.example.hackathon.ReceptionActivity"
67-->src/main/AndroidManifest.xml:39:13-46
68            android:exported="false" >
68-->src/main/AndroidManifest.xml:40:13-37
69            <meta-data
69-->src/main/AndroidManifest.xml:20:13-22:36
70                android:name="android.app.lib_name"
70-->src/main/AndroidManifest.xml:21:17-52
71                android:value="" />
71-->src/main/AndroidManifest.xml:22:17-33
72        </activity>
73        <activity
73-->src/main/AndroidManifest.xml:45:9-51:20
74            android:name="com.example.hackathon.CafeteriaActivity"
74-->src/main/AndroidManifest.xml:46:13-46
75            android:exported="false" >
75-->src/main/AndroidManifest.xml:47:13-37
76            <meta-data
76-->src/main/AndroidManifest.xml:20:13-22:36
77                android:name="android.app.lib_name"
77-->src/main/AndroidManifest.xml:21:17-52
78                android:value="" />
78-->src/main/AndroidManifest.xml:22:17-33
79        </activity>
80        <activity
80-->src/main/AndroidManifest.xml:52:9-58:20
81            android:name="com.example.hackathon.StaffActivity"
81-->src/main/AndroidManifest.xml:53:13-42
82            android:exported="false" >
82-->src/main/AndroidManifest.xml:54:13-37
83            <meta-data
83-->src/main/AndroidManifest.xml:20:13-22:36
84                android:name="android.app.lib_name"
84-->src/main/AndroidManifest.xml:21:17-52
85                android:value="" />
85-->src/main/AndroidManifest.xml:22:17-33
86        </activity>
87        <activity
87-->src/main/AndroidManifest.xml:59:9-65:20
88            android:name="com.example.hackathon.StudentDashBoardActivity"
88-->src/main/AndroidManifest.xml:60:13-53
89            android:exported="false" >
89-->src/main/AndroidManifest.xml:61:13-37
90            <meta-data
90-->src/main/AndroidManifest.xml:20:13-22:36
91                android:name="android.app.lib_name"
91-->src/main/AndroidManifest.xml:21:17-52
92                android:value="" />
92-->src/main/AndroidManifest.xml:22:17-33
93        </activity>
94        <activity
94-->src/main/AndroidManifest.xml:66:9-78:20
95            android:name="com.example.hackathon.LoadingScreenActivity"
95-->src/main/AndroidManifest.xml:67:13-50
96            android:exported="true" >
96-->src/main/AndroidManifest.xml:68:13-36
97            <intent-filter>
97-->src/main/AndroidManifest.xml:69:13-73:29
98                <action android:name="android.intent.action.MAIN" />
98-->src/main/AndroidManifest.xml:70:17-69
98-->src/main/AndroidManifest.xml:70:25-66
99
100                <category android:name="android.intent.category.LAUNCHER" />
100-->src/main/AndroidManifest.xml:72:17-77
100-->src/main/AndroidManifest.xml:72:27-74
101            </intent-filter>
102
103            <meta-data
103-->src/main/AndroidManifest.xml:20:13-22:36
104                android:name="android.app.lib_name"
104-->src/main/AndroidManifest.xml:21:17-52
105                android:value="" />
105-->src/main/AndroidManifest.xml:22:17-33
106        </activity>
107        <activity
107-->src/main/AndroidManifest.xml:79:9-85:20
108            android:name="com.example.hackathon.TestActivity"
108-->src/main/AndroidManifest.xml:80:13-41
109            android:exported="false" >
109-->src/main/AndroidManifest.xml:81:13-37
110            <meta-data
110-->src/main/AndroidManifest.xml:20:13-22:36
111                android:name="android.app.lib_name"
111-->src/main/AndroidManifest.xml:21:17-52
112                android:value="" />
112-->src/main/AndroidManifest.xml:22:17-33
113        </activity>
114        <activity
114-->src/main/AndroidManifest.xml:86:9-92:20
115            android:name="com.example.hackathon.MainActivity"
115-->src/main/AndroidManifest.xml:87:13-41
116            android:exported="true" >
116-->src/main/AndroidManifest.xml:88:13-36
117            <meta-data
117-->src/main/AndroidManifest.xml:20:13-22:36
118                android:name="android.app.lib_name"
118-->src/main/AndroidManifest.xml:21:17-52
119                android:value="" />
119-->src/main/AndroidManifest.xml:22:17-33
120        </activity>
121        <activity
121-->[com.journeyapps:zxing-android-embedded:4.3.0] AndroidManifest.xml:47:9-53:63
122            android:name="com.journeyapps.barcodescanner.CaptureActivity"
122-->[com.journeyapps:zxing-android-embedded:4.3.0] AndroidManifest.xml:48:13-74
123            android:clearTaskOnLaunch="true"
123-->[com.journeyapps:zxing-android-embedded:4.3.0] AndroidManifest.xml:49:13-45
124            android:screenOrientation="sensorLandscape"
124-->[com.journeyapps:zxing-android-embedded:4.3.0] AndroidManifest.xml:50:13-56
125            android:stateNotNeeded="true"
125-->[com.journeyapps:zxing-android-embedded:4.3.0] AndroidManifest.xml:51:13-42
126            android:theme="@style/zxing_CaptureTheme"
126-->[com.journeyapps:zxing-android-embedded:4.3.0] AndroidManifest.xml:52:13-54
127            android:windowSoftInputMode="stateAlwaysHidden" />
127-->[com.journeyapps:zxing-android-embedded:4.3.0] AndroidManifest.xml:53:13-60
128
129        <provider
129-->[com.squareup.picasso:picasso:2.71828] AndroidManifest.xml:8:9-11:40
130            android:name="com.squareup.picasso.PicassoProvider"
130-->[com.squareup.picasso:picasso:2.71828] AndroidManifest.xml:9:13-64
131            android:authorities="com.example.hackathon.com.squareup.picasso"
131-->[com.squareup.picasso:picasso:2.71828] AndroidManifest.xml:10:13-72
132            android:exported="false" />
132-->[com.squareup.picasso:picasso:2.71828] AndroidManifest.xml:11:13-37
133        <provider
133-->[androidx.emoji2:emoji2:1.0.0] AndroidManifest.xml:26:9-34:20
134            android:name="androidx.startup.InitializationProvider"
134-->[androidx.emoji2:emoji2:1.0.0] AndroidManifest.xml:27:13-67
135            android:authorities="com.example.hackathon.androidx-startup"
135-->[androidx.emoji2:emoji2:1.0.0] AndroidManifest.xml:28:13-68
136            android:exported="false" >
136-->[androidx.emoji2:emoji2:1.0.0] AndroidManifest.xml:29:13-37
137            <meta-data
137-->[androidx.emoji2:emoji2:1.0.0] AndroidManifest.xml:31:13-33:52
138                android:name="androidx.emoji2.text.EmojiCompatInitializer"
138-->[androidx.emoji2:emoji2:1.0.0] AndroidManifest.xml:32:17-75
139                android:value="androidx.startup" />
139-->[androidx.emoji2:emoji2:1.0.0] AndroidManifest.xml:33:17-49
140            <meta-data
140-->[androidx.lifecycle:lifecycle-process:2.4.0] AndroidManifest.xml:31:13-33:52
141                android:name="androidx.lifecycle.ProcessLifecycleInitializer"
141-->[androidx.lifecycle:lifecycle-process:2.4.0] AndroidManifest.xml:32:17-78
142                android:value="androidx.startup" />
142-->[androidx.lifecycle:lifecycle-process:2.4.0] AndroidManifest.xml:33:17-49
143        </provider>
144    </application>
145
146</manifest>